<?xml version="1.0" encoding="UTF-8"?>
<testng-results skipped="0" failed="0" total="1" passed="1">
  <reporter-output>
  </reporter-output>
  <suite name="Default suite" duration-ms="24819" started-at="2019-10-12T09:50:45Z" finished-at="2019-10-12T09:51:10Z">
    <groups>
    </groups>
    <test name="Default test" duration-ms="24819" started-at="2019-10-12T09:50:45Z" finished-at="2019-10-12T09:51:10Z">
      <class name="PHPAUTOMATION.PHPTravelAutomation.Test5">
        <test-method status="PASS" signature="test5()[pri:0, instance:PHPAUTOMATION.PHPTravelAutomation.Test5@5bc79255]" name="test5" duration-ms="24785" started-at="2019-10-12T15:20:45Z" finished-at="2019-10-12T15:21:10Z">
          <reporter-output>
          </reporter-output>
        </test-method> <!-- test5 -->
      </class> <!-- PHPAUTOMATION.PHPTravelAutomation.Test5 -->
    </test> <!-- Default test -->
  </suite> <!-- Default suite -->
</testng-results>
